1745100719.290467 client started (660492): version 3.4, socket /tmp/tmux-1000/default, protocol 8
1745100719.290492 on Linux 6.8.0-57-generic #59-Ubuntu SMP PREEMPT_DYNAMIC Sat Mar 15 17:40:59 UTC 2025
1745100719.290494 using libevent 2.1.12-stable poll
1745100719.290495 using ncurses 6.4 20240113
1745100719.290505 flags are 0x10010000
1745100719.290512 socket is /tmp/tmux-1000/default
1745100719.290523 trying connect
1745100719.290568 add peer 0x55d4e2927550: 6 ((nil))
1745100719.290717 sending message 100 to peer 0x55d4e2927550 (4 bytes)
1745100719.290720 sending message 111 to peer 0x55d4e2927550 (8 bytes)
1745100719.290722 sending message 101 to peer 0x55d4e2927550 (16 bytes)
1745100719.290723 sending message 109 to peer 0x55d4e2927550 (4 bytes)
1745100719.290725 sending message 102 to peer 0x55d4e2927550 (11 bytes)
1745100719.290726 sending message 108 to peer 0x55d4e2927550 (23 bytes)
1745100719.290728 sending message 112 to peer 0x55d4e2927550 (70 bytes)
1745100719.290729 sending message 112 to peer 0x55d4e2927550 (5 bytes)
1745100719.290731 sending message 112 to peer 0x55d4e2927550 (5 bytes)
1745100719.290732 sending message 112 to peer 0x55d4e2927550 (6 bytes)
1745100719.290733 sending message 112 to peer 0x55d4e2927550 (6 bytes)
1745100719.290735 sending message 112 to peer 0x55d4e2927550 (11 bytes)
1745100719.290736 sending message 112 to peer 0x55d4e2927550 (10 bytes)
1745100719.290738 sending message 112 to peer 0x55d4e2927550 (13 bytes)
1745100719.290739 sending message 112 to peer 0x55d4e2927550 (13 bytes)
1745100719.290741 sending message 112 to peer 0x55d4e2927550 (18 bytes)
1745100719.290742 sending message 112 to peer 0x55d4e2927550 (11 bytes)
1745100719.290744 sending message 112 to peer 0x55d4e2927550 (21 bytes)
1745100719.290745 sending message 112 to peer 0x55d4e2927550 (13 bytes)
1745100719.290746 sending message 112 to peer 0x55d4e2927550 (7 bytes)
1745100719.290748 sending message 112 to peer 0x55d4e2927550 (13 bytes)
1745100719.290749 sending message 112 to peer 0x55d4e2927550 (7 bytes)
1745100719.290751 sending message 112 to peer 0x55d4e2927550 (13 bytes)
1745100719.290752 sending message 112 to peer 0x55d4e2927550 (9 bytes)
1745100719.290754 sending message 112 to peer 0x55d4e2927550 (21 bytes)
1745100719.290755 sending message 112 to peer 0x55d4e2927550 (13 bytes)
1745100719.290756 sending message 112 to peer 0x55d4e2927550 (8 bytes)
1745100719.290758 sending message 112 to peer 0x55d4e2927550 (12 bytes)
1745100719.290759 sending message 112 to peer 0x55d4e2927550 (13 bytes)
1745100719.290761 sending message 112 to peer 0x55d4e2927550 (9 bytes)
1745100719.290762 sending message 112 to peer 0x55d4e2927550 (9 bytes)
1745100719.290764 sending message 112 to peer 0x55d4e2927550 (12 bytes)
1745100719.290765 sending message 112 to peer 0x55d4e2927550 (8 bytes)
1745100719.290766 sending message 112 to peer 0x55d4e2927550 (7 bytes)
1745100719.290768 sending message 112 to peer 0x55d4e2927550 (7 bytes)
1745100719.290769 sending message 112 to peer 0x55d4e2927550 (9 bytes)
1745100719.290771 sending message 112 to peer 0x55d4e2927550 (13 bytes)
1745100719.290772 sending message 112 to peer 0x55d4e2927550 (9 bytes)
1745100719.290773 sending message 112 to peer 0x55d4e2927550 (15 bytes)
1745100719.290775 sending message 112 to peer 0x55d4e2927550 (13 bytes)
1745100719.290776 sending message 112 to peer 0x55d4e2927550 (12 bytes)
1745100719.290778 sending message 112 to peer 0x55d4e2927550 (8 bytes)
1745100719.290779 sending message 112 to peer 0x55d4e2927550 (14 bytes)
1745100719.290781 sending message 112 to peer 0x55d4e2927550 (9 bytes)
1745100719.290782 sending message 112 to peer 0x55d4e2927550 (10 bytes)
1745100719.290784 sending message 112 to peer 0x55d4e2927550 (10 bytes)
1745100719.290785 sending message 112 to peer 0x55d4e2927550 (10 bytes)
1745100719.290786 sending message 112 to peer 0x55d4e2927550 (10 bytes)
1745100719.290788 sending message 112 to peer 0x55d4e2927550 (11 bytes)
1745100719.290789 sending message 112 to peer 0x55d4e2927550 (10 bytes)
1745100719.290791 sending message 112 to peer 0x55d4e2927550 (8 bytes)
1745100719.290797 sending message 112 to peer 0x55d4e2927550 (11 bytes)
1745100719.290798 sending message 112 to peer 0x55d4e2927550 (11 bytes)
1745100719.290800 sending message 112 to peer 0x55d4e2927550 (11 bytes)
1745100719.290801 sending message 112 to peer 0x55d4e2927550 (8 bytes)
1745100719.290803 sending message 112 to peer 0x55d4e2927550 (8 bytes)
1745100719.290804 sending message 112 to peer 0x55d4e2927550 (8 bytes)
1745100719.290806 sending message 112 to peer 0x55d4e2927550 (10 bytes)
1745100719.290807 sending message 112 to peer 0x55d4e2927550 (10 bytes)
1745100719.290809 sending message 112 to peer 0x55d4e2927550 (10 bytes)
1745100719.290810 sending message 112 to peer 0x55d4e2927550 (10 bytes)
1745100719.290812 sending message 112 to peer 0x55d4e2927550 (10 bytes)
1745100719.290813 sending message 112 to peer 0x55d4e2927550 (11 bytes)
1745100719.290814 sending message 112 to peer 0x55d4e2927550 (11 bytes)
1745100719.290816 sending message 112 to peer 0x55d4e2927550 (10 bytes)
1745100719.290817 sending message 112 to peer 0x55d4e2927550 (9 bytes)
1745100719.290819 sending message 112 to peer 0x55d4e2927550 (9 bytes)
1745100719.290820 sending message 112 to peer 0x55d4e2927550 (12 bytes)
1745100719.290822 sending message 112 to peer 0x55d4e2927550 (9 bytes)
1745100719.290823 sending message 112 to peer 0x55d4e2927550 (6 bytes)
1745100719.290824 sending message 112 to peer 0x55d4e2927550 (13 bytes)
1745100719.290826 sending message 112 to peer 0x55d4e2927550 (8 bytes)
1745100719.290827 sending message 112 to peer 0x55d4e2927550 (15 bytes)
1745100719.290829 sending message 112 to peer 0x55d4e2927550 (13 bytes)
1745100719.290830 sending message 112 to peer 0x55d4e2927550 (70 bytes)
1745100719.290832 sending message 112 to peer 0x55d4e2927550 (69 bytes)
1745100719.290833 sending message 112 to peer 0x55d4e2927550 (10 bytes)
1745100719.290835 sending message 112 to peer 0x55d4e2927550 (8 bytes)
1745100719.290836 sending message 112 to peer 0x55d4e2927550 (15 bytes)
1745100719.290838 sending message 112 to peer 0x55d4e2927550 (13 bytes)
1745100719.290839 sending message 112 to peer 0x55d4e2927550 (10 bytes)
1745100719.290840 sending message 112 to peer 0x55d4e2927550 (10 bytes)
1745100719.290842 sending message 112 to peer 0x55d4e2927550 (5 bytes)
1745100719.290843 sending message 112 to peer 0x55d4e2927550 (15 bytes)
1745100719.290845 sending message 104 to peer 0x55d4e2927550 (0 bytes)
1745100719.290847 sending message 110 to peer 0x55d4e2927550 (0 bytes)
1745100719.290849 sending message 107 to peer 0x55d4e2927550 (4 bytes)
1745100719.290850 sending message 105 to peer 0x55d4e2927550 (16 bytes)
1745100719.290857 sending message 105 to peer 0x55d4e2927550 (82 bytes)
1745100719.290860 sending message 105 to peer 0x55d4e2927550 (18 bytes)
1745100719.290862 sending message 105 to peer 0x55d4e2927550 (19 bytes)
1745100719.290863 sending message 105 to peer 0x55d4e2927550 (20 bytes)
1745100719.290864 sending message 105 to peer 0x55d4e2927550 (47 bytes)
1745100719.290866 sending message 105 to peer 0x55d4e2927550 (58 bytes)
1745100719.290867 sending message 105 to peer 0x55d4e2927550 (59 bytes)
1745100719.290869 sending message 105 to peer 0x55d4e2927550 (25 bytes)
1745100719.290870 sending message 105 to peer 0x55d4e2927550 (44 bytes)
1745100719.290872 sending message 105 to peer 0x55d4e2927550 (37 bytes)
1745100719.290873 sending message 105 to peer 0x55d4e2927550 (15 bytes)
1745100719.290875 sending message 105 to peer 0x55d4e2927550 (23 bytes)
1745100719.290876 sending message 105 to peer 0x55d4e2927550 (20 bytes)
1745100719.290878 sending message 105 to peer 0x55d4e2927550 (41 bytes)
1745100719.290879 sending message 105 to peer 0x55d4e2927550 (23 bytes)
1745100719.290881 sending message 105 to peer 0x55d4e2927550 (25 bytes)
1745100719.290882 sending message 105 to peer 0x55d4e2927550 (24 bytes)
1745100719.290883 sending message 105 to peer 0x55d4e2927550 (17 bytes)
1745100719.290885 sending message 105 to peer 0x55d4e2927550 (28 bytes)
1745100719.290886 sending message 105 to peer 0x55d4e2927550 (15 bytes)
1745100719.290890 sending message 105 to peer 0x55d4e2927550 (27 bytes)
1745100719.290892 sending message 105 to peer 0x55d4e2927550 (29 bytes)
1745100719.290893 sending message 105 to peer 0x55d4e2927550 (12 bytes)
1745100719.290895 sending message 105 to peer 0x55d4e2927550 (21 bytes)
1745100719.290896 sending message 105 to peer 0x55d4e2927550 (52 bytes)
1745100719.290898 sending message 105 to peer 0x55d4e2927550 (33 bytes)
1745100719.290899 sending message 105 to peer 0x55d4e2927550 (60 bytes)
1745100719.290901 sending message 105 to peer 0x55d4e2927550 (47 bytes)
1745100719.290902 sending message 105 to peer 0x55d4e2927550 (33 bytes)
1745100719.290904 sending message 105 to peer 0x55d4e2927550 (15 bytes)
1745100719.290905 sending message 105 to peer 0x55d4e2927550 (15 bytes)
1745100719.290906 sending message 105 to peer 0x55d4e2927550 (21 bytes)
1745100719.290908 sending message 105 to peer 0x55d4e2927550 (17 bytes)
1745100719.290909 sending message 105 to peer 0x55d4e2927550 (1817 bytes)
1745100719.290916 sending message 105 to peer 0x55d4e2927550 (31 bytes)
1745100719.290918 sending message 105 to peer 0x55d4e2927550 (18 bytes)
1745100719.290919 sending message 105 to peer 0x55d4e2927550 (52 bytes)
1745100719.290921 sending message 105 to peer 0x55d4e2927550 (24 bytes)
1745100719.290922 sending message 105 to peer 0x55d4e2927550 (23 bytes)
1745100719.290924 sending message 105 to peer 0x55d4e2927550 (34 bytes)
1745100719.290925 sending message 105 to peer 0x55d4e2927550 (23 bytes)
1745100719.290927 sending message 105 to peer 0x55d4e2927550 (33 bytes)
1745100719.290928 sending message 105 to peer 0x55d4e2927550 (21 bytes)
1745100719.290929 sending message 105 to peer 0x55d4e2927550 (30 bytes)
1745100719.290931 sending message 105 to peer 0x55d4e2927550 (32 bytes)
1745100719.290932 sending message 105 to peer 0x55d4e2927550 (9 bytes)
1745100719.290934 sending message 105 to peer 0x55d4e2927550 (13 bytes)
1745100719.290935 sending message 105 to peer 0x55d4e2927550 (11 bytes)
1745100719.290937 sending message 105 to peer 0x55d4e2927550 (8 bytes)
1745100719.290938 sending message 105 to peer 0x55d4e2927550 (14 bytes)
1745100719.290940 sending message 105 to peer 0x55d4e2927550 (25 bytes)
1745100719.290941 sending message 105 to peer 0x55d4e2927550 (27 bytes)
1745100719.290943 sending message 105 to peer 0x55d4e2927550 (11 bytes)
1745100719.290944 sending message 105 to peer 0x55d4e2927550 (18 bytes)
1745100719.290946 sending message 105 to peer 0x55d4e2927550 (31 bytes)
1745100719.290947 sending message 105 to peer 0x55d4e2927550 (30 bytes)
1745100719.290949 sending message 105 to peer 0x55d4e2927550 (155 bytes)
1745100719.290950 sending message 105 to peer 0x55d4e2927550 (168 bytes)
1745100719.290952 sending message 105 to peer 0x55d4e2927550 (20 bytes)
1745100719.290953 sending message 105 to peer 0x55d4e2927550 (54 bytes)
1745100719.290955 sending message 105 to peer 0x55d4e2927550 (50 bytes)
1745100719.290956 sending message 105 to peer 0x55d4e2927550 (38 bytes)
1745100719.290958 sending message 105 to peer 0x55d4e2927550 (37 bytes)
1745100719.290959 sending message 105 to peer 0x55d4e2927550 (64 bytes)
1745100719.290961 sending message 105 to peer 0x55d4e2927550 (23 bytes)
1745100719.290962 sending message 105 to peer 0x55d4e2927550 (25 bytes)
1745100719.290964 sending message 105 to peer 0x55d4e2927550 (18 bytes)
1745100719.290965 sending message 105 to peer 0x55d4e2927550 (16 bytes)
1745100719.290967 sending message 106 to peer 0x55d4e2927550 (0 bytes)
1745100719.290988 sending message 200 to peer 0x55d4e2927550 (4 bytes)
1745100719.290990 client loop enter
1745100719.291238 peer 0x55d4e2927550 message 303
1745100719.291241 open write file 2 -
1745100719.291246 sending message 305 to peer 0x55d4e2927550 (8 bytes)
1745100719.291250 write check file 2
1745100719.291307 peer 0x55d4e2927550 message 304
1745100719.291309 write 58 to file 2
1745100719.291311 peer 0x55d4e2927550 message 203
1745100719.291313 file 2 58 bytes left
1745100719.291319 write check file 2
1745100719.291320 client loop exit
