1745100733.133893 client started (660528): version 3.4, socket /tmp/tmux-1000/default, protocol 8
1745100733.133914 on Linux 6.8.0-57-generic #59-Ubuntu SMP PREEMPT_DYNAMIC Sat Mar 15 17:40:59 UTC 2025
1745100733.133916 using libevent 2.1.12-stable poll
1745100733.133917 using ncurses 6.4 20240113
1745100733.133927 flags are 0x18010000
1745100733.133935 socket is /tmp/tmux-1000/default
1745100733.133945 trying connect
1745100733.133954 connect failed: Connection refused
1745100733.133958 lock file is /tmp/tmux-1000/default.lock
1745100733.133980 flock succeeded
1745100733.133982 got lock (6)
1745100733.133986 trying connect
1745100733.133995 connect failed: Connection refused
1745100733.134185 add peer 0x55dd6d9815c0: 7 ((nil))
1745100733.134416 sending message 100 to peer 0x55dd6d9815c0 (4 bytes)
1745100733.134419 sending message 111 to peer 0x55dd6d9815c0 (8 bytes)
1745100733.134421 sending message 101 to peer 0x55dd6d9815c0 (12 bytes)
1745100733.134423 sending message 109 to peer 0x55dd6d9815c0 (4 bytes)
1745100733.134424 sending message 102 to peer 0x55dd6d9815c0 (11 bytes)
1745100733.134426 sending message 108 to peer 0x55dd6d9815c0 (23 bytes)
1745100733.134427 sending message 112 to peer 0x55dd6d9815c0 (70 bytes)
1745100733.134429 sending message 112 to peer 0x55dd6d9815c0 (5 bytes)
1745100733.134430 sending message 112 to peer 0x55dd6d9815c0 (6 bytes)
1745100733.134432 sending message 112 to peer 0x55dd6d9815c0 (6 bytes)
1745100733.134433 sending message 112 to peer 0x55dd6d9815c0 (10 bytes)
1745100733.134435 sending message 112 to peer 0x55dd6d9815c0 (13 bytes)
1745100733.134436 sending message 112 to peer 0x55dd6d9815c0 (14 bytes)
1745100733.134437 sending message 112 to peer 0x55dd6d9815c0 (19 bytes)
1745100733.134439 sending message 112 to peer 0x55dd6d9815c0 (11 bytes)
1745100733.134440 sending message 112 to peer 0x55dd6d9815c0 (10 bytes)
1745100733.134442 sending message 112 to peer 0x55dd6d9815c0 (15 bytes)
1745100733.134443 sending message 112 to peer 0x55dd6d9815c0 (21 bytes)
1745100733.134444 sending message 112 to peer 0x55dd6d9815c0 (13 bytes)
1745100733.134446 sending message 112 to peer 0x55dd6d9815c0 (7 bytes)
1745100733.134447 sending message 112 to peer 0x55dd6d9815c0 (13 bytes)
1745100733.134449 sending message 112 to peer 0x55dd6d9815c0 (7 bytes)
1745100733.134450 sending message 112 to peer 0x55dd6d9815c0 (13 bytes)
1745100733.134452 sending message 112 to peer 0x55dd6d9815c0 (9 bytes)
1745100733.134453 sending message 112 to peer 0x55dd6d9815c0 (21 bytes)
1745100733.134454 sending message 112 to peer 0x55dd6d9815c0 (13 bytes)
1745100733.134456 sending message 112 to peer 0x55dd6d9815c0 (9 bytes)
1745100733.134457 sending message 112 to peer 0x55dd6d9815c0 (16 bytes)
1745100733.134459 sending message 112 to peer 0x55dd6d9815c0 (13 bytes)
1745100733.134460 sending message 112 to peer 0x55dd6d9815c0 (9 bytes)
1745100733.134462 sending message 112 to peer 0x55dd6d9815c0 (9 bytes)
1745100733.134463 sending message 112 to peer 0x55dd6d9815c0 (12 bytes)
1745100733.134464 sending message 112 to peer 0x55dd6d9815c0 (8 bytes)
1745100733.134466 sending message 112 to peer 0x55dd6d9815c0 (13 bytes)
1745100733.134467 sending message 112 to peer 0x55dd6d9815c0 (7 bytes)
1745100733.134469 sending message 112 to peer 0x55dd6d9815c0 (7 bytes)
1745100733.134470 sending message 112 to peer 0x55dd6d9815c0 (9 bytes)
1745100733.134472 sending message 112 to peer 0x55dd6d9815c0 (6 bytes)
1745100733.134473 sending message 112 to peer 0x55dd6d9815c0 (9 bytes)
1745100733.134474 sending message 112 to peer 0x55dd6d9815c0 (15 bytes)
1745100733.134476 sending message 112 to peer 0x55dd6d9815c0 (13 bytes)
1745100733.134477 sending message 112 to peer 0x55dd6d9815c0 (12 bytes)
1745100733.134479 sending message 112 to peer 0x55dd6d9815c0 (8 bytes)
1745100733.134480 sending message 112 to peer 0x55dd6d9815c0 (14 bytes)
1745100733.134482 sending message 112 to peer 0x55dd6d9815c0 (9 bytes)
1745100733.134483 sending message 112 to peer 0x55dd6d9815c0 (10 bytes)
1745100733.134485 sending message 112 to peer 0x55dd6d9815c0 (10 bytes)
1745100733.134490 sending message 112 to peer 0x55dd6d9815c0 (10 bytes)
1745100733.134492 sending message 112 to peer 0x55dd6d9815c0 (10 bytes)
1745100733.134493 sending message 112 to peer 0x55dd6d9815c0 (11 bytes)
1745100733.134495 sending message 112 to peer 0x55dd6d9815c0 (12 bytes)
1745100733.134496 sending message 112 to peer 0x55dd6d9815c0 (12 bytes)
1745100733.134498 sending message 112 to peer 0x55dd6d9815c0 (12 bytes)
1745100733.134499 sending message 112 to peer 0x55dd6d9815c0 (12 bytes)
1745100733.134501 sending message 112 to peer 0x55dd6d9815c0 (12 bytes)
1745100733.134502 sending message 112 to peer 0x55dd6d9815c0 (11 bytes)
1745100733.134503 sending message 112 to peer 0x55dd6d9815c0 (11 bytes)
1745100733.134505 sending message 112 to peer 0x55dd6d9815c0 (12 bytes)
1745100733.134506 sending message 112 to peer 0x55dd6d9815c0 (12 bytes)
1745100733.134508 sending message 112 to peer 0x55dd6d9815c0 (12 bytes)
1745100733.134509 sending message 112 to peer 0x55dd6d9815c0 (12 bytes)
1745100733.134510 sending message 112 to peer 0x55dd6d9815c0 (12 bytes)
1745100733.134512 sending message 112 to peer 0x55dd6d9815c0 (9 bytes)
1745100733.134513 sending message 112 to peer 0x55dd6d9815c0 (12 bytes)
1745100733.134515 sending message 112 to peer 0x55dd6d9815c0 (13 bytes)
1745100733.134516 sending message 112 to peer 0x55dd6d9815c0 (13 bytes)
1745100733.134518 sending message 112 to peer 0x55dd6d9815c0 (13 bytes)
1745100733.134519 sending message 112 to peer 0x55dd6d9815c0 (13 bytes)
1745100733.134520 sending message 112 to peer 0x55dd6d9815c0 (13 bytes)
1745100733.134522 sending message 112 to peer 0x55dd6d9815c0 (8 bytes)
1745100733.134523 sending message 112 to peer 0x55dd6d9815c0 (11 bytes)
1745100733.134525 sending message 112 to peer 0x55dd6d9815c0 (11 bytes)
1745100733.134526 sending message 112 to peer 0x55dd6d9815c0 (11 bytes)
1745100733.134528 sending message 112 to peer 0x55dd6d9815c0 (12 bytes)
1745100733.134529 sending message 112 to peer 0x55dd6d9815c0 (12 bytes)
1745100733.134530 sending message 112 to peer 0x55dd6d9815c0 (13 bytes)
1745100733.134532 sending message 112 to peer 0x55dd6d9815c0 (12 bytes)
1745100733.134533 sending message 112 to peer 0x55dd6d9815c0 (13 bytes)
1745100733.134535 sending message 112 to peer 0x55dd6d9815c0 (13 bytes)
1745100733.134536 sending message 112 to peer 0x55dd6d9815c0 (13 bytes)
1745100733.134537 sending message 112 to peer 0x55dd6d9815c0 (8 bytes)
1745100733.134539 sending message 112 to peer 0x55dd6d9815c0 (13 bytes)
1745100733.134540 sending message 112 to peer 0x55dd6d9815c0 (13 bytes)
1745100733.134542 sending message 112 to peer 0x55dd6d9815c0 (13 bytes)
1745100733.134543 sending message 112 to peer 0x55dd6d9815c0 (13 bytes)
1745100733.134545 sending message 112 to peer 0x55dd6d9815c0 (13 bytes)
1745100733.134546 sending message 112 to peer 0x55dd6d9815c0 (12 bytes)
1745100733.134547 sending message 112 to peer 0x55dd6d9815c0 (12 bytes)
1745100733.134549 sending message 112 to peer 0x55dd6d9815c0 (13 bytes)
1745100733.134550 sending message 112 to peer 0x55dd6d9815c0 (12 bytes)
1745100733.134552 sending message 112 to peer 0x55dd6d9815c0 (13 bytes)
1745100733.134553 sending message 112 to peer 0x55dd6d9815c0 (8 bytes)
1745100733.134554 sending message 112 to peer 0x55dd6d9815c0 (13 bytes)
1745100733.134556 sending message 112 to peer 0x55dd6d9815c0 (13 bytes)
1745100733.134557 sending message 112 to peer 0x55dd6d9815c0 (13 bytes)
1745100733.134559 sending message 112 to peer 0x55dd6d9815c0 (13 bytes)
1745100733.134560 sending message 112 to peer 0x55dd6d9815c0 (13 bytes)
1745100733.134562 sending message 112 to peer 0x55dd6d9815c0 (13 bytes)
1745100733.134563 sending message 112 to peer 0x55dd6d9815c0 (13 bytes)
1745100733.134565 sending message 112 to peer 0x55dd6d9815c0 (12 bytes)
1745100733.134566 sending message 112 to peer 0x55dd6d9815c0 (12 bytes)
1745100733.134567 sending message 112 to peer 0x55dd6d9815c0 (13 bytes)
1745100733.134569 sending message 112 to peer 0x55dd6d9815c0 (8 bytes)
1745100733.134570 sending message 112 to peer 0x55dd6d9815c0 (12 bytes)
1745100733.134574 sending message 112 to peer 0x55dd6d9815c0 (13 bytes)
1745100733.134575 sending message 112 to peer 0x55dd6d9815c0 (13 bytes)
1745100733.134577 sending message 112 to peer 0x55dd6d9815c0 (13 bytes)
1745100733.134578 sending message 112 to peer 0x55dd6d9815c0 (13 bytes)
1745100733.134580 sending message 112 to peer 0x55dd6d9815c0 (13 bytes)
1745100733.134581 sending message 112 to peer 0x55dd6d9815c0 (13 bytes)
1745100733.134583 sending message 112 to peer 0x55dd6d9815c0 (13 bytes)
1745100733.134584 sending message 112 to peer 0x55dd6d9815c0 (13 bytes)
1745100733.134585 sending message 112 to peer 0x55dd6d9815c0 (12 bytes)
1745100733.134587 sending message 112 to peer 0x55dd6d9815c0 (10 bytes)
1745100733.134588 sending message 112 to peer 0x55dd6d9815c0 (12 bytes)
1745100733.134590 sending message 112 to peer 0x55dd6d9815c0 (13 bytes)
1745100733.134591 sending message 112 to peer 0x55dd6d9815c0 (12 bytes)
1745100733.134593 sending message 112 to peer 0x55dd6d9815c0 (13 bytes)
1745100733.134594 sending message 112 to peer 0x55dd6d9815c0 (13 bytes)
1745100733.134595 sending message 112 to peer 0x55dd6d9815c0 (13 bytes)
1745100733.134597 sending message 112 to peer 0x55dd6d9815c0 (13 bytes)
1745100733.134598 sending message 112 to peer 0x55dd6d9815c0 (13 bytes)
1745100733.134600 sending message 112 to peer 0x55dd6d9815c0 (13 bytes)
1745100733.134601 sending message 112 to peer 0x55dd6d9815c0 (13 bytes)
1745100733.134603 sending message 112 to peer 0x55dd6d9815c0 (10 bytes)
1745100733.134604 sending message 112 to peer 0x55dd6d9815c0 (13 bytes)
1745100733.134605 sending message 112 to peer 0x55dd6d9815c0 (12 bytes)
1745100733.134607 sending message 112 to peer 0x55dd6d9815c0 (12 bytes)
1745100733.134608 sending message 112 to peer 0x55dd6d9815c0 (13 bytes)
1745100733.134610 sending message 112 to peer 0x55dd6d9815c0 (10 bytes)
1745100733.134611 sending message 112 to peer 0x55dd6d9815c0 (10 bytes)
1745100733.134613 sending message 112 to peer 0x55dd6d9815c0 (10 bytes)
1745100733.134614 sending message 112 to peer 0x55dd6d9815c0 (12 bytes)
1745100733.134615 sending message 112 to peer 0x55dd6d9815c0 (13 bytes)
1745100733.134617 sending message 112 to peer 0x55dd6d9815c0 (13 bytes)
1745100733.134618 sending message 112 to peer 0x55dd6d9815c0 (13 bytes)
1745100733.134620 sending message 112 to peer 0x55dd6d9815c0 (13 bytes)
1745100733.134621 sending message 112 to peer 0x55dd6d9815c0 (13 bytes)
1745100733.134622 sending message 112 to peer 0x55dd6d9815c0 (10 bytes)
1745100733.134624 sending message 112 to peer 0x55dd6d9815c0 (11 bytes)
1745100733.134625 sending message 112 to peer 0x55dd6d9815c0 (12 bytes)
1745100733.134627 sending message 112 to peer 0x55dd6d9815c0 (12 bytes)
1745100733.134628 sending message 112 to peer 0x55dd6d9815c0 (12 bytes)
1745100733.134630 sending message 112 to peer 0x55dd6d9815c0 (12 bytes)
1745100733.134631 sending message 112 to peer 0x55dd6d9815c0 (12 bytes)
1745100733.134632 sending message 112 to peer 0x55dd6d9815c0 (11 bytes)
1745100733.134634 sending message 112 to peer 0x55dd6d9815c0 (12 bytes)
1745100733.134635 sending message 112 to peer 0x55dd6d9815c0 (12 bytes)
1745100733.134637 sending message 112 to peer 0x55dd6d9815c0 (13 bytes)
1745100733.134638 sending message 112 to peer 0x55dd6d9815c0 (13 bytes)
1745100733.134640 sending message 112 to peer 0x55dd6d9815c0 (13 bytes)
1745100733.134641 sending message 112 to peer 0x55dd6d9815c0 (13 bytes)
1745100733.134642 sending message 112 to peer 0x55dd6d9815c0 (13 bytes)
1745100733.134644 sending message 112 to peer 0x55dd6d9815c0 (10 bytes)
1745100733.134645 sending message 112 to peer 0x55dd6d9815c0 (9 bytes)
1745100733.134647 sending message 112 to peer 0x55dd6d9815c0 (12 bytes)
1745100733.134648 sending message 112 to peer 0x55dd6d9815c0 (13 bytes)
1745100733.134649 sending message 112 to peer 0x55dd6d9815c0 (13 bytes)
1745100733.134651 sending message 112 to peer 0x55dd6d9815c0 (13 bytes)
1745100733.134652 sending message 112 to peer 0x55dd6d9815c0 (13 bytes)
1745100733.134654 sending message 112 to peer 0x55dd6d9815c0 (13 bytes)
1745100733.134658 sending message 112 to peer 0x55dd6d9815c0 (9 bytes)
1745100733.134659 sending message 112 to peer 0x55dd6d9815c0 (12 bytes)
1745100733.134661 sending message 112 to peer 0x55dd6d9815c0 (13 bytes)
1745100733.134662 sending message 112 to peer 0x55dd6d9815c0 (13 bytes)
1745100733.134663 sending message 112 to peer 0x55dd6d9815c0 (13 bytes)
1745100733.134665 sending message 112 to peer 0x55dd6d9815c0 (13 bytes)
1745100733.134666 sending message 112 to peer 0x55dd6d9815c0 (13 bytes)
1745100733.134668 sending message 112 to peer 0x55dd6d9815c0 (11 bytes)
1745100733.134669 sending message 112 to peer 0x55dd6d9815c0 (12 bytes)
1745100733.134671 sending message 112 to peer 0x55dd6d9815c0 (13 bytes)
1745100733.134672 sending message 112 to peer 0x55dd6d9815c0 (13 bytes)
1745100733.134673 sending message 112 to peer 0x55dd6d9815c0 (13 bytes)
1745100733.134675 sending message 112 to peer 0x55dd6d9815c0 (13 bytes)
1745100733.134676 sending message 112 to peer 0x55dd6d9815c0 (13 bytes)
1745100733.134678 sending message 112 to peer 0x55dd6d9815c0 (11 bytes)
1745100733.134679 sending message 112 to peer 0x55dd6d9815c0 (12 bytes)
1745100733.134681 sending message 112 to peer 0x55dd6d9815c0 (12 bytes)
1745100733.134682 sending message 112 to peer 0x55dd6d9815c0 (12 bytes)
1745100733.134683 sending message 112 to peer 0x55dd6d9815c0 (12 bytes)
1745100733.134685 sending message 112 to peer 0x55dd6d9815c0 (12 bytes)
1745100733.134686 sending message 112 to peer 0x55dd6d9815c0 (22 bytes)
1745100733.134688 sending message 112 to peer 0x55dd6d9815c0 (12 bytes)
1745100733.134689 sending message 112 to peer 0x55dd6d9815c0 (9 bytes)
1745100733.134691 sending message 112 to peer 0x55dd6d9815c0 (6 bytes)
1745100733.134692 sending message 112 to peer 0x55dd6d9815c0 (13 bytes)
1745100733.134694 sending message 112 to peer 0x55dd6d9815c0 (10 bytes)
1745100733.134695 sending message 112 to peer 0x55dd6d9815c0 (15 bytes)
1745100733.134697 sending message 112 to peer 0x55dd6d9815c0 (11 bytes)
1745100733.134698 sending message 112 to peer 0x55dd6d9815c0 (9 bytes)
1745100733.134700 sending message 112 to peer 0x55dd6d9815c0 (70 bytes)
1745100733.134701 sending message 112 to peer 0x55dd6d9815c0 (69 bytes)
1745100733.134703 sending message 112 to peer 0x55dd6d9815c0 (34 bytes)
1745100733.134704 sending message 112 to peer 0x55dd6d9815c0 (34 bytes)
1745100733.134705 sending message 112 to peer 0x55dd6d9815c0 (69 bytes)
1745100733.134707 sending message 112 to peer 0x55dd6d9815c0 (12 bytes)
1745100733.134708 sending message 112 to peer 0x55dd6d9815c0 (10 bytes)
1745100733.134710 sending message 112 to peer 0x55dd6d9815c0 (10 bytes)
1745100733.134711 sending message 112 to peer 0x55dd6d9815c0 (15 bytes)
1745100733.134713 sending message 112 to peer 0x55dd6d9815c0 (11 bytes)
1745100733.134714 sending message 112 to peer 0x55dd6d9815c0 (10 bytes)
1745100733.134716 sending message 112 to peer 0x55dd6d9815c0 (10 bytes)
1745100733.134717 sending message 112 to peer 0x55dd6d9815c0 (17 bytes)
1745100733.134719 sending message 112 to peer 0x55dd6d9815c0 (10 bytes)
1745100733.134720 sending message 112 to peer 0x55dd6d9815c0 (13 bytes)
1745100733.134722 sending message 112 to peer 0x55dd6d9815c0 (17 bytes)
1745100733.134723 sending message 112 to peer 0x55dd6d9815c0 (5 bytes)
1745100733.134725 sending message 112 to peer 0x55dd6d9815c0 (9 bytes)
1745100733.134726 sending message 112 to peer 0x55dd6d9815c0 (15 bytes)
1745100733.134728 sending message 104 to peer 0x55dd6d9815c0 (0 bytes)
1745100733.134730 sending message 110 to peer 0x55dd6d9815c0 (0 bytes)
1745100733.134732 sending message 107 to peer 0x55dd6d9815c0 (4 bytes)
1745100733.134733 sending message 105 to peer 0x55dd6d9815c0 (16 bytes)
1745100733.134735 sending message 105 to peer 0x55dd6d9815c0 (82 bytes)
1745100733.134736 sending message 105 to peer 0x55dd6d9815c0 (18 bytes)
1745100733.134738 sending message 105 to peer 0x55dd6d9815c0 (19 bytes)
1745100733.134739 sending message 105 to peer 0x55dd6d9815c0 (20 bytes)
1745100733.134741 sending message 105 to peer 0x55dd6d9815c0 (47 bytes)
1745100733.134744 sending message 105 to peer 0x55dd6d9815c0 (58 bytes)
1745100733.134746 sending message 105 to peer 0x55dd6d9815c0 (59 bytes)
1745100733.134748 sending message 105 to peer 0x55dd6d9815c0 (44 bytes)
1745100733.134749 sending message 105 to peer 0x55dd6d9815c0 (15 bytes)
1745100733.134750 sending message 105 to peer 0x55dd6d9815c0 (23 bytes)
1745100733.134752 sending message 105 to peer 0x55dd6d9815c0 (20 bytes)
1745100733.134753 sending message 105 to peer 0x55dd6d9815c0 (41 bytes)
1745100733.134755 sending message 105 to peer 0x55dd6d9815c0 (23 bytes)
1745100733.134756 sending message 105 to peer 0x55dd6d9815c0 (25 bytes)
1745100733.134758 sending message 105 to peer 0x55dd6d9815c0 (24 bytes)
1745100733.134759 sending message 105 to peer 0x55dd6d9815c0 (17 bytes)
1745100733.134761 sending message 105 to peer 0x55dd6d9815c0 (28 bytes)
1745100733.134762 sending message 105 to peer 0x55dd6d9815c0 (15 bytes)
1745100733.134764 sending message 105 to peer 0x55dd6d9815c0 (27 bytes)
1745100733.134765 sending message 105 to peer 0x55dd6d9815c0 (29 bytes)
1745100733.134767 sending message 105 to peer 0x55dd6d9815c0 (12 bytes)
1745100733.134768 sending message 105 to peer 0x55dd6d9815c0 (21 bytes)
1745100733.134770 sending message 105 to peer 0x55dd6d9815c0 (52 bytes)
1745100733.134771 sending message 105 to peer 0x55dd6d9815c0 (33 bytes)
1745100733.134773 sending message 105 to peer 0x55dd6d9815c0 (60 bytes)
1745100733.134774 sending message 105 to peer 0x55dd6d9815c0 (47 bytes)
1745100733.134776 sending message 105 to peer 0x55dd6d9815c0 (33 bytes)
1745100733.134777 sending message 105 to peer 0x55dd6d9815c0 (15 bytes)
1745100733.134779 sending message 105 to peer 0x55dd6d9815c0 (15 bytes)
1745100733.134780 sending message 105 to peer 0x55dd6d9815c0 (21 bytes)
1745100733.134782 sending message 105 to peer 0x55dd6d9815c0 (17 bytes)
1745100733.134783 sending message 105 to peer 0x55dd6d9815c0 (1817 bytes)
1745100733.134790 sending message 105 to peer 0x55dd6d9815c0 (31 bytes)
1745100733.134792 sending message 105 to peer 0x55dd6d9815c0 (18 bytes)
1745100733.134793 sending message 105 to peer 0x55dd6d9815c0 (52 bytes)
1745100733.134795 sending message 105 to peer 0x55dd6d9815c0 (24 bytes)
1745100733.134796 sending message 105 to peer 0x55dd6d9815c0 (23 bytes)
1745100733.134798 sending message 105 to peer 0x55dd6d9815c0 (34 bytes)
1745100733.134799 sending message 105 to peer 0x55dd6d9815c0 (23 bytes)
1745100733.134801 sending message 105 to peer 0x55dd6d9815c0 (33 bytes)
1745100733.134802 sending message 105 to peer 0x55dd6d9815c0 (17 bytes)
1745100733.134804 sending message 105 to peer 0x55dd6d9815c0 (30 bytes)
1745100733.134805 sending message 105 to peer 0x55dd6d9815c0 (32 bytes)
1745100733.134807 sending message 105 to peer 0x55dd6d9815c0 (9 bytes)
1745100733.134808 sending message 105 to peer 0x55dd6d9815c0 (11 bytes)
1745100733.134810 sending message 105 to peer 0x55dd6d9815c0 (8 bytes)
1745100733.134811 sending message 105 to peer 0x55dd6d9815c0 (14 bytes)
1745100733.134813 sending message 105 to peer 0x55dd6d9815c0 (25 bytes)
1745100733.134814 sending message 105 to peer 0x55dd6d9815c0 (27 bytes)
1745100733.134815 sending message 105 to peer 0x55dd6d9815c0 (11 bytes)
1745100733.134817 sending message 105 to peer 0x55dd6d9815c0 (18 bytes)
1745100733.134818 sending message 105 to peer 0x55dd6d9815c0 (31 bytes)
1745100733.134820 sending message 105 to peer 0x55dd6d9815c0 (30 bytes)
1745100733.134821 sending message 105 to peer 0x55dd6d9815c0 (155 bytes)
1745100733.134823 sending message 105 to peer 0x55dd6d9815c0 (157 bytes)
1745100733.134825 sending message 105 to peer 0x55dd6d9815c0 (20 bytes)
1745100733.134826 sending message 105 to peer 0x55dd6d9815c0 (54 bytes)
1745100733.134828 sending message 105 to peer 0x55dd6d9815c0 (50 bytes)
1745100733.134829 sending message 105 to peer 0x55dd6d9815c0 (38 bytes)
1745100733.134831 sending message 105 to peer 0x55dd6d9815c0 (37 bytes)
1745100733.134832 sending message 105 to peer 0x55dd6d9815c0 (64 bytes)
1745100733.134834 sending message 105 to peer 0x55dd6d9815c0 (23 bytes)
1745100733.134837 sending message 105 to peer 0x55dd6d9815c0 (16 bytes)
1745100733.134839 sending message 105 to peer 0x55dd6d9815c0 (25 bytes)
1745100733.134840 sending message 106 to peer 0x55dd6d9815c0 (0 bytes)
1745100733.134872 sending message 200 to peer 0x55dd6d9815c0 (4 bytes)
1745100733.134875 client loop enter
1745100733.134883 client_signal: Child exited
1745100733.208812 peer 0x55dd6d9815c0 message 207
1745100733.208820 sending message 208 to peer 0x55dd6d9815c0 (0 bytes)
1745100739.236842 peer 0x55dd6d9815c0 message 203
1745100739.236864 sending message 205 to peer 0x55dd6d9815c0 (0 bytes)
1745100739.237132 peer 0x55dd6d9815c0 message 204
1745100739.237139 client loop exit
